<?xml version="1.0" encoding="UTF-8"?>
<testng-results skipped="0" failed="0" total="1" passed="1">
  <reporter-output>
  </reporter-output>
  <suite name="Suite" duration-ms="26403" started-at="2019-02-03T11:37:01Z" finished-at="2019-02-03T11:37:27Z">
    <groups>
    </groups>
    <test name="Test" duration-ms="26403" started-at="2019-02-03T11:37:01Z" finished-at="2019-02-03T11:37:27Z">
      <class name="example.NewTest">
        <test-method status="PASS" signature="beforeTest()[pri:0, instance:example.NewTest@17550481]" name="beforeTest" is-config="true" duration-ms="6119" started-at="2019-02-03T17:07:01Z" finished-at="2019-02-03T17:07:07Z">
          <reporter-output>
          </reporter-output>
        </test-method> <!-- beforeTest -->
        <test-method status="PASS" signature="testEasy()[pri:0, instance:example.NewTest@17550481]" name="testEasy" duration-ms="18929" started-at="2019-02-03T17:07:07Z" finished-at="2019-02-03T17:07:26Z">
          <reporter-output>
          </reporter-output>
        </test-method> <!-- testEasy -->
        <test-method status="PASS" signature="afterTest()[pri:0, instance:example.NewTest@17550481]" name="afterTest" is-config="true" duration-ms="1324" started-at="2019-02-03T17:07:26Z" finished-at="2019-02-03T17:07:27Z">
          <reporter-output>
          </reporter-output>
        </test-method> <!-- afterTest -->
      </class> <!-- example.NewTest -->
    </test> <!-- Test -->
  </suite> <!-- Suite -->
</testng-results>
